sample.interval=20000
"Encoding<-" ".rs.extractRCode" 
"FUN" "lapply" ".rs.extractRCode" 
"grepl" ".rs.extractRCode" 
"is.factor" "grepl" ".rs.extractRCode" 
"value[[3]]" "tryCatchOne" "tryCatchList" "tryCatch" "base::try" "withCallingHandlers" "base::suppressWarnings" 
"structure" "simpleError" "tryCatchOne" "tryCatchList" "tryCatch" "base::try" "withCallingHandlers" "base::suppressWarnings" 
"value[[3]]" "tryCatchOne" "tryCatchList" "tryCatch" "base::try" "withCallingHandlers" "base::suppressWarnings" 
"withCallingHandlers" "base::suppressWarnings" 
"base::suppressWarnings" 
"tryCatchOne" "tryCatchList" "tryCatch" "base::try" "withCallingHandlers" "base::suppressWarnings" 
"value[[3]]" "tryCatchOne" "tryCatchList" "tryCatch" "base::try" "withCallingHandlers" "base::suppressWarnings" 
".deparseOpts" "deparse" "value[[3]]" "tryCatchOne" "tryCatchList" "tryCatch" "base::try" "withCallingHandlers" "base::suppressWarnings" 
"ls" "FUN" "lapply" ".rs.objectsOnSearchPath" ".rs.getCompletionsSearchPath" "Reduce" ".rs.rpc.get_completions" 
".Call" ".rs.listIndexedPackages" "basename" "sort" ".rs.getCompletionsPackages" "Reduce" ".rs.rpc.get_completions" 
"grep" ".rs.extractRCode" 
"FUN" "lapply" ".rs.objectsOnSearchPath" ".rs.getCompletionsSearchPath" "Reduce" ".rs.rpc.get_completions" 
"sort.int" "sort.default" "sort" ".rs.getCompletionsPackages" "Reduce" ".rs.rpc.get_completions" 
"yaml_front_matter" "knitr::knit_params" ".rs.knitParams" ".Call" ".rs.getKnitParamsForDocument" ".rs.injectKnitrParamsObject" ".rs.rpc.get_completions" 
"gsub" ".rs.fuzzyMatches" ".rs.getCompletionsSearchPath" "Reduce" ".rs.rpc.get_completions" 
"is.factor" "grepl" ".rs.extractRCode" 
"tryCatchList" "tryCatch" "base::try" "withCallingHandlers" "base::suppressWarnings" 
".rs.extractRCode" 
".Call" ".rs.getKnitParamsForDocument" ".rs.injectKnitrParamsObject" ".rs.rpc.get_completions" 
"ls" "FUN" "lapply" ".rs.objectsOnSearchPath" ".rs.getCompletionsSearchPath" "Reduce" ".rs.rpc.get_completions" 
".rs.emptyCompletions" ".rs.getCompletionsLibraryContext" "Reduce" ".rs.rpc.get_completions" 
"ls" "FUN" "lapply" ".rs.objectsOnSearchPath" ".rs.getCompletionsSearchPath" "Reduce" ".rs.rpc.get_completions" 
"sort" ".rs.getCompletionsPackages" "Reduce" ".rs.rpc.get_completions" 
".rs.normalizePath" "withCallingHandlers" "suppressWarnings" ".rs.rpc.get_completions" 
".rs.fuzzyMatches" ".rs.getCompletionsSearchPath" "Reduce" ".rs.rpc.get_completions" 
"strsplit" "unlist" "xfun::split_lines" "split_lines" "knitr::knit_params" ".rs.knitParams" ".Call" ".rs.getKnitParamsForDocument" ".rs.injectKnitrParamsObject" ".rs.rpc.get_completions" 
"ls" "FUN" "lapply" ".rs.objectsOnSearchPath" ".rs.getCompletionsSearchPath" "Reduce" ".rs.rpc.get_completions" 
"lapply" ".rs.objectsOnSearchPath" ".rs.getCompletionsSearchPath" "Reduce" ".rs.rpc.get_completions" 
"unique" "union" ".rs.getCompletionsPackages" "Reduce" ".rs.rpc.get_completions" 
"ls" "FUN" "lapply" ".rs.objectsOnSearchPath" ".rs.getCompletionsSearchPath" "Reduce" ".rs.rpc.get_completions" 
"sort.int" "sort.default" "sort" ".rs.getCompletionsPackages" "Reduce" ".rs.rpc.get_completions" 
"tryCatch" ".rs.getHelpFromObject" ".rs.getHelpFunction" ".rs.rpc.get_help" 
"doTryCatch" "tryCatchOne" "tryCatchList" "tryCatch" ".read_description" "Rd2HTML" "tools:::httpd" "withCallingHandlers" "suppressWarnings" ".rs.getHelp" ".rs.getHelpFromObject" ".rs.getHelpFunction" ".rs.rpc.get_help" 
".rs.extractRCode" 
"gsub" "xfun::split_lines" "split_lines" "knitr::knit_params" ".rs.knitParams" ".Call" ".rs.getKnitParamsForDocument" ".rs.injectKnitrParamsObject" ".rs.rpc.get_completions" 
"ls" "FUN" "lapply" ".rs.objectsOnSearchPath" ".rs.getCompletionsSearchPath" "Reduce" ".rs.rpc.get_completions" 
".Call" ".rs.getKnitParamsForDocument" ".rs.injectKnitrParamsObject" ".rs.rpc.get_completions" 
"lapply" ".rs.objectsOnSearchPath" ".rs.getCompletionsSearchPath" "Reduce" ".rs.rpc.get_completions" 
"nchar" ".rs.startsWith" ".rs.fuzzyMatches" ".rs.selectFuzzyMatches" ".rs.getCompletionsPackages" "Reduce" ".rs.rpc.get_completions" 
"value[[3]]" "tryCatchOne" "tryCatchList" "tryCatch" "base::try" "withCallingHandlers" "base::suppressWarnings" 
"strsplit" "unlist" "xfun::split_lines" "split_lines" "knitr::knit_params" ".rs.knitParams" ".Call" ".rs.getKnitParamsForDocument" ".rs.injectKnitrParamsObject" ".rs.rpc.get_completions" 
"ls" "FUN" "lapply" ".rs.objectsOnSearchPath" ".rs.getCompletionsSearchPath" "Reduce" ".rs.rpc.get_completions" 
"grep" "yaml_front_matter" "knitr::knit_params" ".rs.knitParams" ".Call" ".rs.getKnitParamsForDocument" ".rs.injectKnitrParamsObject" ".rs.rpc.get_completions" 
".rs.startsWith" ".rs.fuzzyMatches" ".rs.getCompletionsSearchPath" "Reduce" ".rs.rpc.get_completions" 
"gsub" "xfun::split_lines" "split_lines" "knitr::knit_params" ".rs.knitParams" ".Call" ".rs.getKnitParamsForDocument" ".rs.injectKnitrParamsObject" ".rs.rpc.get_completions" 
"unlist" ".rs.getCompletionsSearchPath" "Reduce" ".rs.rpc.get_completions" 
"is.factor" "gsub" "xfun::split_lines" "split_lines" "knitr::knit_params" ".rs.knitParams" ".Call" ".rs.getKnitParamsForDocument" ".rs.injectKnitrParamsObject" ".rs.rpc.get_completions" 
".rs.getCompletionsSearchPath" "Reduce" ".rs.rpc.get_completions" 
"paste" "value[[3]]" "tryCatchOne" "tryCatchList" "tryCatch" "base::try" "withCallingHandlers" "base::suppressWarnings" 
"ls" "FUN" "lapply" ".rs.objectsOnSearchPath" ".rs.getCompletionsSearchPath" "Reduce" ".rs.rpc.get_completions" 
"tolower" "nchar" ".rs.startsWith" ".rs.fuzzyMatches" ".rs.getCompletionsSearchPath" "Reduce" ".rs.rpc.get_completions" 
"FUN" "lapply" ".rs.extractRCode" 
".rs.extractRCode" 
".rs.extractRCode" 
"ls" "FUN" "lapply" ".rs.objectsOnSearchPath" ".rs.getCompletionsSearchPath" "Reduce" ".rs.rpc.get_completions" 
"==" ".rs.startsWith" ".rs.fuzzyMatches" ".rs.selectFuzzyMatches" ".rs.getCompletionsPackages" "Reduce" ".rs.rpc.get_completions" 
"asNamespace" "asNamespace" "getNamespaceExports" "%in%" ".rs.knitParams" ".Call" ".rs.getKnitParamsForDocument" ".rs.injectKnitrParamsObject" ".rs.rpc.get_completions" 
"ls" "FUN" "lapply" ".rs.objectsOnSearchPath" ".rs.getCompletionsSearchPath" "Reduce" ".rs.rpc.get_completions" 
"lapply" ".rs.extractRCode" 
"withCallingHandlers" "base::suppressWarnings" 
"value[[3]]" "tryCatchOne" "tryCatchList" "tryCatch" "base::try" "withCallingHandlers" "base::suppressWarnings" 
"index.search" "utils::help" "eval" "eval" "doTryCatch" "tryCatchOne" "tryCatchList" "tryCatch" ".rs.getHelp" ".rs.rpc.get_help" 
"writeContent" "writeSection" "Rd2HTML" "tools:::httpd" "withCallingHandlers" "suppressWarnings" ".rs.getHelp" ".rs.rpc.get_help" 
"eval" "?" 
"readRDS" "index.search" "help" "eval" "eval" "?" 
"file" "Rd2HTML" "<Anonymous>" "doTryCatch" "tryCatchOne" "tryCatchList" "tryCatch" "try" "withCallingHandlers" "<Anonymous>" 
"grep" "isBlankLineRd" "addParaBreaks" "writeLines" "writeLinesUTF8" "of1" "writeBlock" "writeContent" "writeSection" "Rd2HTML" "<Anonymous>" "doTryCatch" "tryCatchOne" "tryCatchList" "tryCatch" "try" "withCallingHandlers" "<Anonymous>" 
"mime_canonical_encoding" "paste0" "writeLines" "writeLinesUTF8" "of0" "Rd2HTML" "<Anonymous>" "doTryCatch" "tryCatchOne" "tryCatchList" "tryCatch" "try" "withCallingHandlers" "<Anonymous>" 
"writeContent" "writeSection" "Rd2HTML" "<Anonymous>" "doTryCatch" "tryCatchOne" "tryCatchList" "tryCatch" "try" "withCallingHandlers" "<Anonymous>" 
".standard_regexps" "find.package" "index.search" "help" "eval" "eval" "?" 
"readRDS" "<Anonymous>" "doTryCatch" "tryCatchOne" "tryCatchList" "tryCatch" "try" "withCallingHandlers" "<Anonymous>" 
"fsub" "htmlify" "utils:::getSrcByte" "isBlankLineRd" "addParaBreaks" "writeLines" "writeLinesUTF8" "of1" "writeBlock" "writeContent" "writeSection" "Rd2HTML" "<Anonymous>" "doTryCatch" "tryCatchOne" "tryCatchList" "tryCatch" "try" "withCallingHandlers" "<Anonymous>" 
"deparse" "mode" "%in%" "deparse" "value[[3]]" "tryCatchOne" "tryCatchList" "tryCatch" "base::try" "withCallingHandlers" "base::suppressWarnings" 
"doTryCatch" "tryCatchOne" "tryCatchList" "tryCatch" "base::try" "withCallingHandlers" "base::suppressWarnings" 
".Call" ".rs.runAsyncRProcess" ".rs.onAvailablePackagesStale" ".rs.availablePackages" ".rs.rpc.discover_package_dependencies" 
"file.info" ".rs.readFile" "withCallingHandlers" "suppressWarnings" "FUN" "lapply" "FUN" "lapply" ".rs.readRnbCache" "doTryCatch" "tryCatchOne" "tryCatchList" "tryCatch" ".rs.createNotebookFromCache" 
"readRDS" "doTryCatch" "tryCatchOne" "tryCatchList" "tryCatch" "FUN" "lapply" "find.package" "system.file" "pkg_file" "html_document" "<Anonymous>" "do.call" "create_output_format" "rmarkdown::render" "withCallingHandlers" "doTryCatch" "tryCatchOne" "tryCatchList" "tryCatch" ".rs.createNotebookFromCacheData" "doTryCatch" "tryCatchOne" "tryCatchList" "tryCatch" ".rs.createNotebookFromCache" 
"ls" "%in%" "is_utf8" "which" "invalid_utf8" "xfun::read_utf8" "knitr::knit" "rmarkdown::render" "withCallingHandlers" "doTryCatch" "tryCatchOne" "tryCatchList" "tryCatch" ".rs.createNotebookFromCacheData" "doTryCatch" "tryCatchOne" "tryCatchList" "tryCatch" ".rs.createNotebookFromCache" 
"mapply" "group_indices" "split_file" "process_file" "knitr::knit" "rmarkdown::render" "withCallingHandlers" "doTryCatch" "tryCatchOne" "tryCatchList" "tryCatch" ".rs.createNotebookFromCacheData" "doTryCatch" "tryCatchOne" "tryCatchList" "tryCatch" ".rs.createNotebookFromCache" 
"group_pattern" "FUN" "lapply" "split_file" "process_file" "knitr::knit" "rmarkdown::render" "withCallingHandlers" "doTryCatch" "tryCatchOne" "tryCatchList" "tryCatch" ".rs.createNotebookFromCacheData" "doTryCatch" "tryCatchOne" "tryCatchList" "tryCatch" ".rs.createNotebookFromCache" 
"gsub" "chunk_hook" "<Anonymous>" "eng_r" "block_exec" "call_block" "process_group.block" "process_group" "withCallingHandlers" "process_file" "knitr::knit" "rmarkdown::render" "withCallingHandlers" "doTryCatch" "tryCatchOne" "tryCatchList" "tryCatch" ".rs.createNotebookFromCacheData" "doTryCatch" "tryCatchOne" "tryCatchList" "tryCatch" ".rs.createNotebookFromCache" 
"eval" "match.arg" "jsonlite::toJSON" "charToRaw" "base64_encode_object" "html_notebook_annotated_output" "<Anonymous>" "sew.character" "FUN" "lapply" "sew.list" "FUN" "lapply" "sew.list" "sew" "unlist" "eng_r" "block_exec" "call_block" "process_group.block" "process_group" "withCallingHandlers" "process_file" "knitr::knit" "rmarkdown::render" "withCallingHandlers" "doTryCatch" "tryCatchOne" "tryCatchList" "tryCatch" ".rs.createNotebookFromCacheData" "doTryCatch" "tryCatchOne" "tryCatchList" "tryCatch" ".rs.createNotebookFromCache" 
"FUN" "FUN" "vapply" ".local" "FUN" "FUN" "vapply" ".local" "FUN" "FUN" "vapply" ".local" "asJSON" "asJSON" "jsonlite::toJSON" "paste" ".rs.rnb.pagedTableHtml" "paste" "rmarkdown:::html_notebook_annotated_output" "handler" "FUN" "FUN" "lapply" ".rs.enumerate" "output_source" "evaluate" "in_dir" "in_input_dir" "eng_r" "block_exec" "call_block" "process_group.block" "process_group" "withCallingHandlers" "process_file" "knitr::knit" "rmarkdown::render" "withCallingHandlers" "doTryCatch" "tryCatchOne" "tryCatchList" "tryCatch" ".rs.createNotebookFromCacheData" "doTryCatch" "tryCatchOne" "tryCatchList" "tryCatch" ".rs.createNotebookFromCache" 
"call_block" "process_group.block" "process_group" "withCallingHandlers" "process_file" "knitr::knit" "rmarkdown::render" "withCallingHandlers" "doTryCatch" "tryCatchOne" "tryCatchList" "tryCatch" ".rs.createNotebookFromCacheData" "doTryCatch" "tryCatchOne" "tryCatchList" "tryCatch" ".rs.createNotebookFromCache" 
"eval_lang" "call_block" "process_group.block" "process_group" "withCallingHandlers" "process_file" "knitr::knit" "rmarkdown::render" "withCallingHandlers" "doTryCatch" "tryCatchOne" "tryCatchList" "tryCatch" ".rs.createNotebookFromCacheData" "doTryCatch" "tryCatchOne" "tryCatchList" "tryCatch" ".rs.createNotebookFromCache" 
"asJSON" "asJSON" "jsonlite::toJSON" "charToRaw" "base64_encode_object" "html_notebook_annotated_output" "<Anonymous>" "sew.character" "FUN" "lapply" "sew.list" "FUN" "lapply" "sew.list" "sew" "unlist" "eng_r" "block_exec" "call_block" "process_group.block" "process_group" "withCallingHandlers" "process_file" "knitr::knit" "rmarkdown::render" "withCallingHandlers" "doTryCatch" "tryCatchOne" "tryCatchList" "tryCatch" ".rs.createNotebookFromCacheData" "doTryCatch" "tryCatchOne" "tryCatchList" "tryCatch" ".rs.createNotebookFromCache" 
"cleannames" "deparse_vector" ".local" "asJSON" "asJSON" "jsonlite::toJSON" "charToRaw" "base64_encode_object" "html_notebook_annotated_output" "rmarkdown::html_notebook_output_code" "output_source" "evaluate" "in_dir" "in_input_dir" "eng_r" "block_exec" "call_block" "process_group.block" "process_group" "withCallingHandlers" "process_file" "knitr::knit" "rmarkdown::render" "withCallingHandlers" "doTryCatch" "tryCatchOne" "tryCatchList" "tryCatch" ".rs.createNotebookFromCacheData" "doTryCatch" "tryCatchOne" "tryCatchList" "tryCatch" ".rs.createNotebookFromCache" 
"paste" "FUN" "lapply" ".rs.rnb.renderConsoleData" "handler" "FUN" "FUN" "lapply" ".rs.enumerate" "output_source" "evaluate" "in_dir" "in_input_dir" "eng_r" "block_exec" "call_block" "process_group.block" "process_group" "withCallingHandlers" "process_file" "knitr::knit" "rmarkdown::render" "withCallingHandlers" "doTryCatch" "tryCatchOne" "tryCatchList" "tryCatch" ".rs.createNotebookFromCacheData" "doTryCatch" "tryCatchOne" "tryCatchList" "tryCatch" ".rs.createNotebookFromCache" 
"eval_lang" "call_block" "process_group.block" "process_group" "withCallingHandlers" "process_file" "knitr::knit" "rmarkdown::render" "withCallingHandlers" "doTryCatch" "tryCatchOne" "tryCatchList" "tryCatch" ".rs.createNotebookFromCacheData" "doTryCatch" "tryCatchOne" "tryCatchList" "tryCatch" ".rs.createNotebookFromCache" 
"match.fun" "sapply" "read.table" "read.csv" ".rs.rnb.readConsoleData" "handler" "FUN" "FUN" "lapply" ".rs.enumerate" "output_source" "evaluate" "in_dir" "in_input_dir" "eng_r" "block_exec" "call_block" "process_group.block" "process_group" "withCallingHandlers" "process_file" "knitr::knit" "rmarkdown::render" "withCallingHandlers" "doTryCatch" "tryCatchOne" "tryCatchList" "tryCatch" ".rs.createNotebookFromCacheData" "doTryCatch" "tryCatchOne" "tryCatchList" "tryCatch" ".rs.createNotebookFromCache" 
"match.arg" "jsonlite::toJSON" "charToRaw" "base64_encode_object" "html_notebook_annotated_output" "rmarkdown::html_notebook_output_code" "FUN" "lapply" ".rs.rnb.renderConsoleData" "handler" "FUN" "FUN" "lapply" ".rs.enumerate" "output_source" "evaluate" "in_dir" "in_input_dir" "eng_r" "block_exec" "call_block" "process_group.block" "process_group" "withCallingHandlers" "process_file" "knitr::knit" "rmarkdown::render" "withCallingHandlers" "doTryCatch" "tryCatchOne" "tryCatchList" "tryCatch" ".rs.createNotebookFromCacheData" "doTryCatch" "tryCatchOne" "tryCatchList" "tryCatch" ".rs.createNotebookFromCache" 
"scan" "read.table" "read.csv" ".rs.rnb.readConsoleData" "handler" "FUN" "FUN" "lapply" ".rs.enumerate" "output_source" "evaluate" "in_dir" "in_input_dir" "eng_r" "block_exec" "call_block" "process_group.block" "process_group" "withCallingHandlers" "process_file" "knitr::knit" "rmarkdown::render" "withCallingHandlers" "doTryCatch" "tryCatchOne" "tryCatchList" "tryCatch" ".rs.createNotebookFromCacheData" "doTryCatch" "tryCatchOne" "tryCatchList" "tryCatch" ".rs.createNotebookFromCache" 
"sub" "tools::file_path_sans_ext" "paste" ".rs.withChangedExtension" "FUN" "FUN" "lapply" ".rs.enumerate" "output_source" "evaluate" "in_dir" "in_input_dir" "eng_r" "block_exec" "call_block" "process_group.block" "process_group" "withCallingHandlers" "process_file" "knitr::knit" "rmarkdown::render" "withCallingHandlers" "doTryCatch" "tryCatchOne" "tryCatchList" "tryCatch" ".rs.createNotebookFromCacheData" "doTryCatch" "tryCatchOne" "tryCatchList" "tryCatch" ".rs.createNotebookFromCache" 
"gsub" "chunk_hook" "<Anonymous>" "eng_r" "block_exec" "call_block" "process_group.block" "process_group" "withCallingHandlers" "process_file" "knitr::knit" "rmarkdown::render" "withCallingHandlers" "doTryCatch" "tryCatchOne" "tryCatchList" "tryCatch" ".rs.createNotebookFromCacheData" "doTryCatch" "tryCatchOne" "tryCatchList" "tryCatch" ".rs.createNotebookFromCache" 
"file.exists" "FUN" "FUN" "lapply" ".rs.enumerate" "output_source" "evaluate" "in_dir" "in_input_dir" "eng_r" "block_exec" "call_block" "process_group.block" "process_group" "withCallingHandlers" "process_file" "knitr::knit" "rmarkdown::render" "withCallingHandlers" "doTryCatch" "tryCatchOne" "tryCatchList" "tryCatch" ".rs.createNotebookFromCacheData" "doTryCatch" "tryCatchOne" "tryCatchList" "tryCatch" ".rs.createNotebookFromCache" 
"paste" "one_string" "knitr::knit" "rmarkdown::render" "withCallingHandlers" "doTryCatch" "tryCatchOne" "tryCatchList" "tryCatch" ".rs.createNotebookFromCacheData" "doTryCatch" "tryCatchOne" "tryCatchList" "tryCatch" ".rs.createNotebookFromCache" 
"parse_yaml_front_matter" "yaml_front_matter" "rmarkdown::render" "withCallingHandlers" "doTryCatch" "tryCatchOne" "tryCatchList" "tryCatch" ".rs.createNotebookFromCacheData" "doTryCatch" "tryCatchOne" "tryCatchList" "tryCatch" ".rs.createNotebookFromCache" 
"paste" "extract" "extract_preserve_chunks" "base" "base" "output_format$pre_processor" "rmarkdown::render" "withCallingHandlers" "doTryCatch" "tryCatchOne" "tryCatchList" "tryCatch" ".rs.createNotebookFromCacheData" "doTryCatch" "tryCatchOne" "tryCatchList" "tryCatch" ".rs.createNotebookFromCache" 
"readLines" "read_utf8" "base" "base" "output_format$post_processor" "rmarkdown::render" "withCallingHandlers" "doTryCatch" "tryCatchOne" "tryCatchList" "tryCatch" ".rs.createNotebookFromCacheData" "doTryCatch" "tryCatchOne" "tryCatchList" "tryCatch" ".rs.createNotebookFromCache" 
"readLines" "read_utf8" "base" "base" "output_format$post_processor" "rmarkdown::render" "withCallingHandlers" "doTryCatch" "tryCatchOne" "tryCatchList" "tryCatch" ".rs.createNotebookFromCacheData" "doTryCatch" "tryCatchOne" "tryCatchList" "tryCatch" ".rs.createNotebookFromCache" 
"grep" "base" "base" "output_format$post_processor" "rmarkdown::render" "withCallingHandlers" "doTryCatch" "tryCatchOne" "tryCatchList" "tryCatch" ".rs.createNotebookFromCacheData" "doTryCatch" "tryCatchOne" "tryCatchList" "tryCatch" ".rs.createNotebookFromCache" 
"readRDS" "withCallingHandlers" "doTryCatch" "tryCatchOne" "tryCatchList" "tryCatch" ".rs.tryCatch" ".rs.onAvailablePackagesReady" "<Anonymous>" "list.files" "unlink" "clean_tmpfiles" "rmarkdown::render" "withCallingHandlers" "doTryCatch" "tryCatchOne" "tryCatchList" "tryCatch" ".rs.createNotebookFromCacheData" "doTryCatch" "tryCatchOne" "tryCatchList" "tryCatch" ".rs.createNotebookFromCache" 
"readRDS" "withCallingHandlers" "doTryCatch" "tryCatchOne" "tryCatchList" "tryCatch" ".rs.tryCatch" ".rs.onAvailablePackagesReady" "<Anonymous>" "list.files" "unlink" "clean_tmpfiles" "rmarkdown::render" "withCallingHandlers" "doTryCatch" "tryCatchOne" "tryCatchList" "tryCatch" ".rs.createNotebookFromCacheData" "doTryCatch" "tryCatchOne" "tryCatchList" "tryCatch" ".rs.createNotebookFromCache" 
"readRDS" "withCallingHandlers" "doTryCatch" "tryCatchOne" "tryCatchList" "tryCatch" ".rs.tryCatch" ".rs.onAvailablePackagesReady" "<Anonymous>" "list.files" "unlink" "clean_tmpfiles" "rmarkdown::render" "withCallingHandlers" "doTryCatch" "tryCatchOne" "tryCatchList" "tryCatch" ".rs.createNotebookFromCacheData" "doTryCatch" "tryCatchOne" "tryCatchList" "tryCatch" ".rs.createNotebookFromCache" 
"readRDS" "withCallingHandlers" "doTryCatch" "tryCatchOne" "tryCatchList" "tryCatch" ".rs.tryCatch" ".rs.onAvailablePackagesReady" "<Anonymous>" "list.files" "unlink" "clean_tmpfiles" "rmarkdown::render" "withCallingHandlers" "doTryCatch" "tryCatchOne" "tryCatchList" "tryCatch" ".rs.createNotebookFromCacheData" "doTryCatch" "tryCatchOne" "tryCatchList" "tryCatch" ".rs.createNotebookFromCache" 
"readRDS" "withCallingHandlers" "doTryCatch" "tryCatchOne" "tryCatchList" "tryCatch" ".rs.tryCatch" ".rs.onAvailablePackagesReady" "<Anonymous>" "list.files" "unlink" "clean_tmpfiles" "rmarkdown::render" "withCallingHandlers" "doTryCatch" "tryCatchOne" "tryCatchList" "tryCatch" ".rs.createNotebookFromCacheData" "doTryCatch" "tryCatchOne" "tryCatchList" "tryCatch" ".rs.createNotebookFromCache" 
"readRDS" "withCallingHandlers" "doTryCatch" "tryCatchOne" "tryCatchList" "tryCatch" ".rs.tryCatch" ".rs.onAvailablePackagesReady" "<Anonymous>" "list.files" "unlink" "clean_tmpfiles" "rmarkdown::render" "withCallingHandlers" "doTryCatch" "tryCatchOne" "tryCatchList" "tryCatch" ".rs.createNotebookFromCacheData" "doTryCatch" "tryCatchOne" "tryCatchList" "tryCatch" ".rs.createNotebookFromCache" 
"readRDS" "withCallingHandlers" "doTryCatch" "tryCatchOne" "tryCatchList" "tryCatch" ".rs.tryCatch" ".rs.onAvailablePackagesReady" "<Anonymous>" "list.files" "unlink" "clean_tmpfiles" "rmarkdown::render" "withCallingHandlers" "doTryCatch" "tryCatchOne" "tryCatchList" "tryCatch" ".rs.createNotebookFromCacheData" "doTryCatch" "tryCatchOne" "tryCatchList" "tryCatch" ".rs.createNotebookFromCache" 
"readRDS" "withCallingHandlers" "doTryCatch" "tryCatchOne" "tryCatchList" "tryCatch" ".rs.tryCatch" ".rs.onAvailablePackagesReady" "<Anonymous>" "list.files" "unlink" "clean_tmpfiles" "rmarkdown::render" "withCallingHandlers" "doTryCatch" "tryCatchOne" "tryCatchList" "tryCatch" ".rs.createNotebookFromCacheData" "doTryCatch" "tryCatchOne" "tryCatchList" "tryCatch" ".rs.createNotebookFromCache" 
"readRDS" "withCallingHandlers" "doTryCatch" "tryCatchOne" "tryCatchList" "tryCatch" ".rs.tryCatch" ".rs.onAvailablePackagesReady" "<Anonymous>" "list.files" "unlink" "clean_tmpfiles" "rmarkdown::render" "withCallingHandlers" "doTryCatch" "tryCatchOne" "tryCatchList" "tryCatch" ".rs.createNotebookFromCacheData" "doTryCatch" "tryCatchOne" "tryCatchList" "tryCatch" ".rs.createNotebookFromCache" 
"readRDS" "withCallingHandlers" "doTryCatch" "tryCatchOne" "tryCatchList" "tryCatch" ".rs.tryCatch" ".rs.onAvailablePackagesReady" "<Anonymous>" "list.files" "unlink" "clean_tmpfiles" "rmarkdown::render" "withCallingHandlers" "doTryCatch" "tryCatchOne" "tryCatchList" "tryCatch" ".rs.createNotebookFromCacheData" "doTryCatch" "tryCatchOne" "tryCatchList" "tryCatch" ".rs.createNotebookFromCache" 
"readRDS" "withCallingHandlers" "doTryCatch" "tryCatchOne" "tryCatchList" "tryCatch" ".rs.tryCatch" ".rs.onAvailablePackagesReady" "<Anonymous>" "list.files" "unlink" "clean_tmpfiles" "rmarkdown::render" "withCallingHandlers" "doTryCatch" "tryCatchOne" "tryCatchList" "tryCatch" ".rs.createNotebookFromCacheData" "doTryCatch" "tryCatchOne" "tryCatchList" "tryCatch" ".rs.createNotebookFromCache" 
".Call" ".rs.enqueClientEvent" "<Anonymous>" "list.files" "unlink" "clean_tmpfiles" "rmarkdown::render" "withCallingHandlers" "doTryCatch" "tryCatchOne" "tryCatchList" "tryCatch" ".rs.createNotebookFromCacheData" "doTryCatch" "tryCatchOne" "tryCatchList" "tryCatch" ".rs.createNotebookFromCache" 
".Call" ".rs.enqueClientEvent" "<Anonymous>" "list.files" "unlink" "clean_tmpfiles" "rmarkdown::render" "withCallingHandlers" "doTryCatch" "tryCatchOne" "tryCatchList" "tryCatch" ".rs.createNotebookFromCacheData" "doTryCatch" "tryCatchOne" "tryCatchList" "tryCatch" ".rs.createNotebookFromCache" 
"list.files" "unlink" "clean_tmpfiles" "rmarkdown::render" "withCallingHandlers" "doTryCatch" "tryCatchOne" "tryCatchList" "tryCatch" ".rs.createNotebookFromCacheData" "doTryCatch" "tryCatchOne" "tryCatchList" "tryCatch" ".rs.createNotebookFromCache" 
"list.files" "unlink" "clean_tmpfiles" "rmarkdown::render" "withCallingHandlers" "doTryCatch" "tryCatchOne" "tryCatchList" "tryCatch" ".rs.createNotebookFromCacheData" "doTryCatch" "tryCatchOne" "tryCatchList" "tryCatch" ".rs.createNotebookFromCache" 
"tryCatchOne" "tryCatchList" "tryCatch" "FUN" "lapply" "find.package" "system.file" "is_available" "is_bs_theme" "base" "base" "output_format$on_exit" "rmarkdown::render" "withCallingHandlers" "doTryCatch" "tryCatchOne" "tryCatchList" "tryCatch" ".rs.createNotebookFromCacheData" "doTryCatch" "tryCatchOne" "tryCatchList" "tryCatch" ".rs.createNotebookFromCache" 
"list.files" ".rs.discoverPackageDependencies" ".rs.rpc.discover_package_dependencies" 
"save" "FUN" "lapply" ".rs.saveCachedData" 
"save" "FUN" "lapply" ".rs.saveCachedData" 
"save" "FUN" "lapply" ".rs.saveCachedData" 
"save" "FUN" "lapply" ".rs.saveCachedData" 
"save" "FUN" "lapply" ".rs.saveCachedData" 
"save" "FUN" "lapply" ".rs.saveCachedData" 
"save" "FUN" "lapply" ".rs.saveCachedData" 
"save" "FUN" "lapply" ".rs.saveCachedData" 
"save" "FUN" "lapply" ".rs.saveCachedData" 
